{
  "stats": {
    "suites": 2,
    "tests": 9,
    "passes": 9,
    "pending": 0,
    "failures": 0,
    "start": "2021-04-01T14:48:53.618Z",
    "end": "2021-04-01T14:48:53.631Z",
    "duration": 13,
    "testsRegistered": 9,
    "passPercent": 100,
    "pendingPercent": 0,
    "other": 0,
    "hasOther": false,
    "skipped": 0,
    "hasSkipped": false
  },
  "results": [
    {
      "uuid": "b2c17f30-eeb9-451c-8368-f2eba98869cc",
      "title": "",
      "fullFile": "",
      "file": "",
      "beforeHooks": [],
      "afterHooks": [],
      "tests": [],
      "suites": [
        {
          "uuid": "60ff50f8-cba4-4553-97a7-8cc9fd6aa051",
          "title": "testForAddFunction",
          "fullFile": "C:\\Users\\Admin\\Desktop\\homework4 Mocha\\test\\specs\\testAdd.spec.js",
          "file": "\\test\\specs\\testAdd.spec.js",
          "beforeHooks": [
            {
              "title": "\"before each\" hook in \"testForAddFunction\"",
              "fullTitle": "testForAddFunction \"before each\" hook in \"testForAddFunction\"",
              "timedOut": false,
              "duration": 0,
              "state": null,
              "speed": null,
              "pass": false,
              "fail": false,
              "pending": false,
              "context": null,
              "code": "calculator = new Calculator();",
              "err": {},
              "uuid": "6a527fa5-f49a-4f51-9252-46c426f8d19a",
              "parentUUID": "60ff50f8-cba4-4553-97a7-8cc9fd6aa051",
              "isHook": true,
              "skipped": false
            }
          ],
          "afterHooks": [
            {
              "title": "\"after each\" hook in \"testForAddFunction\"",
              "fullTitle": "testForAddFunction \"after each\" hook in \"testForAddFunction\"",
              "timedOut": false,
              "duration": 0,
              "state": null,
              "speed": null,
              "pass": false,
              "fail": false,
              "pending": false,
              "context": null,
              "code": "calculator = null;",
              "err": {},
              "uuid": "7d4b2192-8978-4f39-b2fd-8873b620abd4",
              "parentUUID": "60ff50f8-cba4-4553-97a7-8cc9fd6aa051",
              "isHook": true,
              "skipped": false
            }
          ],
          "tests": [
            {
              "title": "should return 9 when called with numbers 5 and 4",
              "fullTitle": "testForAddFunction should return 9 when called with numbers 5 and 4",
              "timedOut": false,
              "duration": 0,
              "state": "passed",
              "speed": "fast",
              "pass": true,
              "fail": false,
              "pending": false,
              "context": null,
              "code": "expect(calculator.add(5, 4)).to.be.equal(9);",
              "err": {},
              "uuid": "b3e85922-9229-493f-bab6-6f6f29dced50",
              "parentUUID": "60ff50f8-cba4-4553-97a7-8cc9fd6aa051",
              "isHook": false,
              "skipped": false
            },
            {
              "title": "should return -1 when called with numbers -5 and 4",
              "fullTitle": "testForAddFunction should return -1 when called with numbers -5 and 4",
              "timedOut": false,
              "duration": 1,
              "state": "passed",
              "speed": "fast",
              "pass": true,
              "fail": false,
              "pending": false,
              "context": null,
              "code": "expect(calculator.add(-5, 4)).to.be.equal(-1);",
              "err": {},
              "uuid": "61137b07-a24a-4945-bbcd-e0b952babba6",
              "parentUUID": "60ff50f8-cba4-4553-97a7-8cc9fd6aa051",
              "isHook": false,
              "skipped": false
            },
            {
              "title": "should return -9 when called with numbers -5 and -4",
              "fullTitle": "testForAddFunction should return -9 when called with numbers -5 and -4",
              "timedOut": false,
              "duration": 1,
              "state": "passed",
              "speed": "fast",
              "pass": true,
              "fail": false,
              "pending": false,
              "context": null,
              "code": "expect(calculator.add(-5, -4)).to.be.equal(-9);",
              "err": {},
              "uuid": "7f627e76-1ba4-444c-92ce-b08dd183878f",
              "parentUUID": "60ff50f8-cba4-4553-97a7-8cc9fd6aa051",
              "isHook": false,
              "skipped": false
            },
            {
              "title": "should return 6.86 when called with numbers 2.3 and 4.56",
              "fullTitle": "testForAddFunction should return 6.86 when called with numbers 2.3 and 4.56",
              "timedOut": false,
              "duration": 0,
              "state": "passed",
              "speed": "fast",
              "pass": true,
              "fail": false,
              "pending": false,
              "context": null,
              "code": "expect(calculator.add(2.3, 4.56)).to.be.equal(6.86);",
              "err": {},
              "uuid": "fb0a64ef-e02b-49c1-b25e-f5f3cd7859e7",
              "parentUUID": "60ff50f8-cba4-4553-97a7-8cc9fd6aa051",
              "isHook": false,
              "skipped": false
            },
            {
              "title": "should return 4 when called with numbers 0 and 4",
              "fullTitle": "testForAddFunction should return 4 when called with numbers 0 and 4",
              "timedOut": false,
              "duration": 0,
              "state": "passed",
              "speed": "fast",
              "pass": true,
              "fail": false,
              "pending": false,
              "context": null,
              "code": "expect(calculator.add(0, 4)).to.be.equal(4);",
              "err": {},
              "uuid": "51b07407-54bf-42d4-9332-a682032824aa",
              "parentUUID": "60ff50f8-cba4-4553-97a7-8cc9fd6aa051",
              "isHook": false,
              "skipped": false
            }
          ],
          "suites": [],
          "passes": [
            "b3e85922-9229-493f-bab6-6f6f29dced50",
            "61137b07-a24a-4945-bbcd-e0b952babba6",
            "7f627e76-1ba4-444c-92ce-b08dd183878f",
            "fb0a64ef-e02b-49c1-b25e-f5f3cd7859e7",
            "51b07407-54bf-42d4-9332-a682032824aa"
          ],
          "failures": [],
          "pending": [],
          "skipped": [],
          "duration": 2,
          "root": false,
          "rootEmpty": false,
          "_timeout": 5000
        },
        {
          "uuid": "c04f60a7-8a9c-41ac-86a9-68e0af6b72a4",
          "title": "testForMultiplyFunction",
          "fullFile": "C:\\Users\\Admin\\Desktop\\homework4 Mocha\\test\\specs\\testMultiply.spec.js",
          "file": "\\test\\specs\\testMultiply.spec.js",
          "beforeHooks": [
            {
              "title": "\"before each\" hook in \"testForMultiplyFunction\"",
              "fullTitle": "testForMultiplyFunction \"before each\" hook in \"testForMultiplyFunction\"",
              "timedOut": false,
              "duration": 0,
              "state": null,
              "speed": null,
              "pass": false,
              "fail": false,
              "pending": false,
              "context": null,
              "code": "calculator = new Calculator();",
              "err": {},
              "uuid": "a859ba4c-38c5-4b1c-950d-01c0864eb7c9",
              "parentUUID": "c04f60a7-8a9c-41ac-86a9-68e0af6b72a4",
              "isHook": true,
              "skipped": false
            }
          ],
          "afterHooks": [
            {
              "title": "\"after each\" hook in \"testForMultiplyFunction\"",
              "fullTitle": "testForMultiplyFunction \"after each\" hook in \"testForMultiplyFunction\"",
              "timedOut": false,
              "duration": 0,
              "state": null,
              "speed": null,
              "pass": false,
              "fail": false,
              "pending": false,
              "context": null,
              "code": "calculator = null;",
              "err": {},
              "uuid": "9ea73c97-532f-40d7-843a-7d49ad18c174",
              "parentUUID": "c04f60a7-8a9c-41ac-86a9-68e0af6b72a4",
              "isHook": true,
              "skipped": false
            }
          ],
          "tests": [
            {
              "title": "should return 42 when called with numbers 6 and 7",
              "fullTitle": "testForMultiplyFunction should return 42 when called with numbers 6 and 7",
              "timedOut": false,
              "duration": 0,
              "state": "passed",
              "speed": "fast",
              "pass": true,
              "fail": false,
              "pending": false,
              "context": null,
              "code": "expect(calculator.multiply(6, 7)).to.be.equal(42);",
              "err": {},
              "uuid": "0ce0e0ec-482e-4327-b136-d6777be1c53a",
              "parentUUID": "c04f60a7-8a9c-41ac-86a9-68e0af6b72a4",
              "isHook": false,
              "skipped": false
            },
            {
              "title": "should return -42 when called with numbers -6 and 7",
              "fullTitle": "testForMultiplyFunction should return -42 when called with numbers -6 and 7",
              "timedOut": false,
              "duration": 0,
              "state": "passed",
              "speed": "fast",
              "pass": true,
              "fail": false,
              "pending": false,
              "context": null,
              "code": "expect(calculator.multiply(-6, 7)).to.be.equal(-42);",
              "err": {},
              "uuid": "359f77b4-8c49-47ee-8390-4eb80393f082",
              "parentUUID": "c04f60a7-8a9c-41ac-86a9-68e0af6b72a4",
              "isHook": false,
              "skipped": false
            },
            {
              "title": "should return 0 when called with numbers 0 and -7",
              "fullTitle": "testForMultiplyFunction should return 0 when called with numbers 0 and -7",
              "timedOut": false,
              "duration": 0,
              "state": "passed",
              "speed": "fast",
              "pass": true,
              "fail": false,
              "pending": false,
              "context": null,
              "code": "expect(calculator.multiply(0, -7)).to.be.equal(0);",
              "err": {},
              "uuid": "e8095b7e-18b2-4ae2-b886-8ba35718ede9",
              "parentUUID": "c04f60a7-8a9c-41ac-86a9-68e0af6b72a4",
              "isHook": false,
              "skipped": false
            },
            {
              "title": "should return 42.12 when called with numbers 5.4 and 7.8",
              "fullTitle": "testForMultiplyFunction should return 42.12 when called with numbers 5.4 and 7.8",
              "timedOut": false,
              "duration": 0,
              "state": "passed",
              "speed": "fast",
              "pass": true,
              "fail": false,
              "pending": false,
              "context": null,
              "code": "expect(calculator.multiply(5.4, 7.8)).to.be.equal(42.12);",
              "err": {},
              "uuid": "a5c28b91-1630-4eaa-8a7a-5b1755a8e85c",
              "parentUUID": "c04f60a7-8a9c-41ac-86a9-68e0af6b72a4",
              "isHook": false,
              "skipped": false
            }
          ],
          "suites": [],
          "passes": [
            "0ce0e0ec-482e-4327-b136-d6777be1c53a",
            "359f77b4-8c49-47ee-8390-4eb80393f082",
            "e8095b7e-18b2-4ae2-b886-8ba35718ede9",
            "a5c28b91-1630-4eaa-8a7a-5b1755a8e85c"
          ],
          "failures": [],
          "pending": [],
          "skipped": [],
          "duration": 0,
          "root": false,
          "rootEmpty": false,
          "_timeout": 5000
        }
      ],
      "passes": [],
      "failures": [],
      "pending": [],
      "skipped": [],
      "duration": 0,
      "root": true,
      "rootEmpty": true,
      "_timeout": 5000
    }
  ],
  "meta": {
    "mocha": {
      "version": "8.3.2"
    },
    "mochawesome": {
      "options": {
        "quiet": false,
        "reportFilename": "mochawesome",
        "saveHtml": true,
        "saveJson": true,
        "consoleReporter": "spec",
        "useInlineDiffs": false,
        "code": true
      },
      "version": "6.2.2"
    },
    "marge": {
      "options": null,
      "version": "5.2.0"
    }
  }
}